<?xml version="1.0" encoding="UTF-8"?>
<!-- Generated by org.testng.reporters.JUnitReportReporter -->
<testsuite hostname="DESKTOP-75ALLF2" failures="0" tests="1" name="Admin.PomManageproductTest" time="46.459" errors="0" timestamp="2024-04-05T11:24:19 IST" skipped="0">
  <testcase classname="Admin.PomManageproductTest" name="script" time="46.459"/>
  <system-out/>
</testsuite> <!-- Admin.PomManageproductTest -->
