<?xml version="1.0" encoding="UTF-8"?>
<!-- Generated by org.testng.reporters.JUnitReportReporter -->
<testsuite hostname="DESKTOP-75ALLF2" failures="0" tests="1" name="EasyWhiz.InsertProductAndOrderSameProductTest" time="210.774" errors="0" timestamp="2024-03-29T15:33:08 IST" skipped="0">
  <testcase classname="EasyWhiz.InsertProductAndOrderSameProductTest" name="testScript" time="210.774"/>
  <system-out/>
</testsuite> <!-- EasyWhiz.InsertProductAndOrderSameProductTest -->
