<?xml version="1.0" encoding="UTF-8"?>
<!-- Generated by org.testng.reporters.JUnitReportReporter -->
<testsuite hostname="DESKTOP-75ALLF2" failures="0" tests="1" name="Admin.SignupcheckTest" time="59.440" errors="0" timestamp="2024-04-03T17:52:36 IST" skipped="0">
  <testcase classname="Admin.SignupcheckTest" name="testScript" time="59.440"/>
  <system-out/>
</testsuite> <!-- Admin.SignupcheckTest -->
