<?xml version="1.0" encoding="UTF-8"?>
<!-- Generated by org.testng.reporters.JUnitReportReporter -->
<testsuite hostname="DESKTOP-75ALLF2" failures="0" tests="3" name="Admin.AdminLoginTest" time="31.884" errors="0" timestamp="2024-04-08T10:11:48 IST" skipped="0">
  <testcase classname="Admin.AdminLoginTest" name="getData" time="9.757"/>
  <system-out/>
  <testcase classname="Admin.AdminLoginTest" name="getData" time="15.119"/>
  <system-out/>
  <testcase classname="Admin.AdminLoginTest" name="getData" time="7.008"/>
  <system-out/>
</testsuite> <!-- Admin.AdminLoginTest -->
