<?xml version="1.0" encoding="UTF-8"?>
<!-- Generated by org.testng.reporters.JUnitReportReporter -->
<testsuite hostname="DESKTOP-75ALLF2" failures="0" tests="1" name="EasyWhiz.LoginUserOrderProduct" time="48.610" errors="0" timestamp="2024-03-29T15:44:48 IST" skipped="0">
  <testcase classname="EasyWhiz.LoginUserOrderProduct" name="testScript" time="48.610"/>
  <system-out/>
</testsuite> <!-- EasyWhiz.LoginUserOrderProduct -->
