<?xml version="1.0" encoding="UTF-8"?>
<!-- Generated by org.testng.reporters.JUnitReportReporter -->
<testsuite hostname="DESKTOP-75ALLF2" failures="0" tests="1" name="User.PomOrderProductCheckinOmanagementTest" time="66.089" errors="0" timestamp="2024-04-04T18:42:45 IST" skipped="0">
  <testcase classname="User.PomOrderProductCheckinOmanagementTest" name="script" time="66.089"/>
  <system-out/>
</testsuite> <!-- User.PomOrderProductCheckinOmanagementTest -->
