<?xml version="1.0" encoding="UTF-8"?>
<!-- Generated by org.testng.reporters.JUnitReportReporter -->
<testsuite hostname="DESKTOP-75ALLF2" failures="0" tests="1" name="User.PomInsertAndOrderSameproductTest" time="109.427" errors="0" timestamp="2024-04-05T11:21:49 IST" skipped="0">
  <testcase classname="User.PomInsertAndOrderSameproductTest" name="script" time="109.427"/>
  <system-out/>
</testsuite> <!-- User.PomInsertAndOrderSameproductTest -->
