<?xml version="1.0" encoding="UTF-8"?>
<!-- Generated by org.testng.reporters.JUnitReportReporter -->
<testsuite hostname="DESKTOP-75ALLF2" failures="0" tests="1" name="Admin.PomSignupTest" time="97.566" errors="0" timestamp="2024-04-05T09:40:55 IST" skipped="0">
  <testcase classname="Admin.PomSignupTest" name="testScript" time="97.566"/>
  <system-out/>
</testsuite> <!-- Admin.PomSignupTest -->
