<?xml version="1.0" encoding="UTF-8"?>
<!-- Generated by org.testng.reporters.JUnitReportReporter -->
<testsuite hostname="DESKTOP-75ALLF2" failures="0" tests="1" name="EasyWhiz.SignupasUserAndCheckinAdminModukeTest" time="43.691" errors="0" timestamp="2024-03-29T17:20:15 IST" skipped="0">
  <testcase classname="EasyWhiz.SignupasUserAndCheckinAdminModukeTest" name="testScript" time="43.691"/>
  <system-out/>
</testsuite> <!-- EasyWhiz.SignupasUserAndCheckinAdminModukeTest -->
