<?xml version="1.0" encoding="UTF-8"?>
<!-- Generated by org.testng.reporters.JUnitReportReporter -->
<testsuite hostname="DESKTOP-75ALLF2" failures="0" tests="1" name="EasyWhiz.OnlineShopping1Test" time="57.370" errors="0" timestamp="2024-03-29T15:29:04 IST" skipped="0">
  <testcase classname="EasyWhiz.OnlineShopping1Test" name="script" time="57.370"/>
  <system-out/>
</testsuite> <!-- EasyWhiz.OnlineShopping1Test -->
