<?xml version="1.0" encoding="UTF-8"?>
<!-- Generated by org.testng.reporters.JUnitReportReporter -->
<testsuite hostname="DESKTOP-75ALLF2" failures="0" tests="2" name="Admin.AdminLoginDataTest" time="20.084" errors="0" timestamp="2024-04-08T11:17:44 IST" skipped="0">
  <testcase classname="Admin.AdminLoginDataTest" name="getData" time="10.325"/>
  <system-out/>
  <testcase classname="Admin.AdminLoginDataTest" name="getData" time="9.759"/>
  <system-out/>
</testsuite> <!-- Admin.AdminLoginDataTest -->
