<?xml version="1.0" encoding="UTF-8"?>
<!-- Generated by org.testng.reporters.JUnitReportReporter -->
<testsuite hostname="DESKTOP-75ALLF2" failures="0" tests="1" name="User.PomLoginANDAdminTest" time="51.662" errors="0" timestamp="2024-04-04T18:31:20 IST" skipped="0">
  <testcase classname="User.PomLoginANDAdminTest" name="script" time="51.662"/>
  <system-out/>
</testsuite> <!-- User.PomLoginANDAdminTest -->
