<?xml version="1.0" encoding="UTF-8"?>
<!-- Generated by org.testng.reporters.JUnitReportReporter -->
<testsuite hostname="DESKTOP-75ALLF2" failures="0" tests="1" name="Admin.BaseClassManageproductTest" time="49.374" errors="0" timestamp="2024-04-15T12:57:40 IST" skipped="0">
  <testcase classname="Admin.BaseClassManageproductTest" name="script" time="49.374"/>
  <system-out>
    <![CDATA[Execution Starts From here
script----->Executed Successfully]]>
  </system-out>
</testsuite> <!-- Admin.BaseClassManageproductTest -->
