<?xml version="1.0" encoding="UTF-8"?>
<!-- Generated by org.testng.reporters.JUnitReportReporter -->
<testsuite hostname="DESKTOP-75ALLF2" failures="0" tests="1" name="Admin.LoginUserOrderProductCheckInOrderManagementTest" time="74.205" errors="0" timestamp="2024-04-01T12:05:53 IST" skipped="0">
  <testcase classname="Admin.LoginUserOrderProductCheckInOrderManagementTest" name="testScript" time="74.205"/>
  <system-out/>
</testsuite> <!-- Admin.LoginUserOrderProductCheckInOrderManagementTest -->
