<?xml version="1.0" encoding="UTF-8"?>
<!-- Generated by org.testng.reporters.JUnitReportReporter -->
<testsuite hostname="DESKTOP-75ALLF2" failures="0" tests="1" name="Admin.Manageproduct1Test" time="65.833" errors="0" timestamp="2024-04-03T17:42:26 IST" skipped="0">
  <testcase classname="Admin.Manageproduct1Test" name="script" time="65.833"/>
  <system-out/>
</testsuite> <!-- Admin.Manageproduct1Test -->
