<?xml version="1.0" encoding="UTF-8"?>
<!-- Generated by org.testng.reporters.JUnitReportReporter -->
<testsuite hostname="DESKTOP-75ALLF2" failures="0" tests="1" name="User.ShippingGTest" time="73.740" errors="0" timestamp="2024-04-03T17:25:59 IST" skipped="0">
  <testcase classname="User.ShippingGTest" name="script" time="73.740"/>
  <system-out/>
</testsuite> <!-- User.ShippingGTest -->
