<?xml version="1.0" encoding="UTF-8"?>
<!-- Generated by org.testng.reporters.JUnitReportReporter -->
<testsuite hostname="DESKTOP-75ALLF2" failures="0" tests="1" name="Admin.OrderManagementTest" time="58.418" errors="0" timestamp="2024-04-03T17:36:28 IST" skipped="0">
  <testcase classname="Admin.OrderManagementTest" name="testScript" time="58.418"/>
  <system-out/>
</testsuite> <!-- Admin.OrderManagementTest -->
