<?xml version="1.0" encoding="UTF-8"?>
<!-- Generated by org.testng.reporters.JUnitReportReporter -->
<testsuite hostname="DESKTOP-75ALLF2" failures="0" tests="1" name="User.PomShippingTest" time="77.679" errors="0" timestamp="2024-04-05T10:33:50 IST" skipped="0">
  <testcase classname="User.PomShippingTest" name="script" time="77.679"/>
  <system-out/>
</testsuite> <!-- User.PomShippingTest -->
