<?xml version="1.0" encoding="UTF-8"?>
<!-- Generated by org.testng.reporters.JUnitReportReporter -->
<testsuite hostname="DESKTOP-75ALLF2" failures="0" tests="1" name="User.InsertAndOrderSameProTest" time="89.005" errors="0" timestamp="2024-04-03T17:07:03 IST" skipped="0">
  <testcase classname="User.InsertAndOrderSameProTest" name="script" time="89.005"/>
  <system-out/>
</testsuite> <!-- User.InsertAndOrderSameProTest -->
