<?xml version="1.0" encoding="UTF-8"?>
<!-- Generated by org.testng.reporters.JUnitReportReporter -->
<testsuite hostname="DESKTOP-75ALLF2" failures="0" tests="1" name="User.ShippingAndBillingAddUpdateTest" time="61.778" errors="0" timestamp="2024-04-01T13:29:32 IST" skipped="0">
  <testcase classname="User.ShippingAndBillingAddUpdateTest" name="shop" time="61.778"/>
  <system-out/>
</testsuite> <!-- User.ShippingAndBillingAddUpdateTest -->
