<?xml version="1.0" encoding="UTF-8"?>
<!-- Generated by org.testng.reporters.JUnitReportReporter -->
<testsuite hostname="DESKTOP-75ALLF2" failures="0" tests="1" name="Admin.BaseClassLoginAsUsreAndAdminUsingTest" time="62.508" errors="0" timestamp="2024-04-17T16:31:18 IST" skipped="0">
  <testcase classname="Admin.BaseClassLoginAsUsreAndAdminUsingTest" name="script" time="62.508"/>
  <system-out>
    <![CDATA[Execution Starts From here
script----->Executed Successfully]]>
  </system-out>
</testsuite> <!-- Admin.BaseClassLoginAsUsreAndAdminUsingTest -->
